0 info it worked if it ends with ok
1 verbose cli [ '/usr/local/bin/node', '/usr/local/bin/npm', 'start' ]
2 info using npm@3.5.2
3 info using node@v5.2.0
4 verbose run-script [ 'prestart', 'start', 'poststart' ]
5 info lifecycle masterprojectv1@0.0.0~prestart: masterprojectv1@0.0.0
6 silly lifecycle masterprojectv1@0.0.0~prestart: no script for prestart, continuing
7 info lifecycle masterprojectv1@0.0.0~start: masterprojectv1@0.0.0
8 verbose lifecycle masterprojectv1@0.0.0~start: unsafe-perm in lifecycle true
9 verbose lifecycle masterprojectv1@0.0.0~start: PATH: /usr/local/lib/node_modules/npm/bin/node-gyp-bin:/Users/umorujoseph/workspace/masterProjectv1/masterprojectv1/node_modules/.bin:/Library/Frameworks/Python.framework/Versions/3.5/bin:/opt/local/bin:/opt/local/sbin:/Users/umorujoseph/.gvm/vertx/current/bin:/Users/umorujoseph/.gvm/springboot/current/bin:/Users/umorujoseph/.gvm/lazybones/current/bin:/Users/umorujoseph/.gvm/jbake/current/bin:/Users/umorujoseph/.gvm/groovyserv/current/bin:/Users/umorujoseph/.gvm/groovy/current/bin:/Users/umorujoseph/.gvm/griffon/current/bin:/Users/umorujoseph/.gvm/grails/current/bin:/Users/umorujoseph/.gvm/gradle/current/bin:/Users/umorujoseph/.gvm/glide/current/bin:/Users/umorujoseph/.gvm/gaiden/current/bin:/Users/umorujoseph/.gvm/crash/current/bin:/Users/umorujoseph/.gvm/asciidoctorj/current/bin:/Users/umorujoseph/.rvm/gems/ruby-2.2.0/bin:/Users/umorujoseph/.rvm/gems/ruby-2.2.0@global/bin:/Users/umorujoseph/.rvm/rubies/ruby-2.2.0/bin:/usr/local/mysql/bin:/usr/local/bin:/usr/bin:/bin:/usr/sbin:/sbin:/opt/X11/bin:/usr/local/git/bin:/Users/umorujoseph/.rvm/bin:/Users/umorujoseph/mongodb/bin
10 verbose lifecycle masterprojectv1@0.0.0~start: CWD: /Users/umorujoseph/workspace/masterProjectv1/masterprojectv1
11 silly lifecycle masterprojectv1@0.0.0~start: Args: [ '-c', 'node ./bin/www' ]
12 silly lifecycle masterprojectv1@0.0.0~start: Returned: code: 1  signal: null
13 info lifecycle masterprojectv1@0.0.0~start: Failed to exec start script
14 verbose stack Error: masterprojectv1@0.0.0 start: `node ./bin/www`
14 verbose stack Exit status 1
14 verbose stack     at EventEmitter.<anonymous> (/usr/local/lib/node_modules/npm/lib/utils/lifecycle.js:232:16)
14 verbose stack     at emitTwo (events.js:88:13)
14 verbose stack     at EventEmitter.emit (events.js:173:7)
14 verbose stack     at ChildProcess.<anonymous> (/usr/local/lib/node_modules/npm/lib/utils/spawn.js:24:14)
14 verbose stack     at emitTwo (events.js:88:13)
14 verbose stack     at ChildProcess.emit (events.js:173:7)
14 verbose stack     at maybeClose (internal/child_process.js:819:16)
14 verbose stack     at Process.ChildProcess._handle.onexit (internal/child_process.js:212:5)
15 verbose pkgid masterprojectv1@0.0.0
16 verbose cwd /Users/umorujoseph/workspace/masterProjectv1/masterprojectv1
17 error Darwin 15.3.0
18 error argv "/usr/local/bin/node" "/usr/local/bin/npm" "start"
19 error node v5.2.0
20 error npm  v3.5.2
21 error code ELIFECYCLE
22 error masterprojectv1@0.0.0 start: `node ./bin/www`
22 error Exit status 1
23 error Failed at the masterprojectv1@0.0.0 start script 'node ./bin/www'.
23 error Make sure you have the latest version of node.js and npm installed.
23 error If you do, this is most likely a problem with the masterprojectv1 package,
23 error not with npm itself.
23 error Tell the author that this fails on your system:
23 error     node ./bin/www
23 error You can get information on how to open an issue for this project with:
23 error     npm bugs masterprojectv1
23 error Or if that isn't available, you can get their info via:
23 error     npm owner ls masterprojectv1
23 error There is likely additional logging output above.
24 verbose exit [ 1, true ]
